C51 COMPILER V9.54   MAIN                                                                  07/26/2020 17:37:09 PAGE 1   


C51 COMPILER V9.54, COMPILATION OF MODULE MAIN
OBJECT MODULE PLACED IN .\Objects\main.obj
COMPILER INVOKED BY: E:\51keil C519.54\C51\BIN\C51.EXE main.c OPTIMIZE(8,SPEED) BROWSE DEBUG OBJECTEXTEND PRINT(.\Listin
                    -gs\main.lst) TABS(2) OBJECT(.\Objects\main.obj)

line level    source

   1          #include<AT89X52.H>
   2          /********
   3                          电机定义
   4          *********/
   5          #define Left_moto_Stop    {P1_1=0,P1_2=0;}
   6          #define Left_moto_go      {P1_1=1,P1_2=0;}
   7          #define Left_moto_back    {P1_1=0,P1_2=1;}
   8          #define Right_moto_Stop   {P1_3=0,P1_4=0;}              
   9          #define Right_moto_go     {P1_3=1,P1_4=0;}
  10          #define Right_moto_back   {P1_3=0,P1_4=1;}
  11          /*********
  12                         左右巡线
  13          *********/
  14          #define Left_1_led        P3_6
  15          #define Right_1_led       P3_7
  16          
  17          void delay(i){
  18   1        while(i--);
  19   1      }
  20          
  21          void  front_run(void){
  22   1         Left_moto_go; 
  23   1         Right_moto_go;
  24   1         delay(1000);
  25   1         Left_moto_Stop;
  26   1         Right_moto_Stop;
  27   1         delay(2000);
  28   1      }
  29          
  30          void  back_run(void){
  31   1      
  32   1         Left_moto_back;   
  33   1         Right_moto_back; 
  34   1      }
  35          
  36          void  left_run(void){
  37   1         Right_moto_go;   
  38   1         Left_moto_back;
  39   1         delay(800);
  40   1         Left_moto_Stop;
  41   1         Right_moto_Stop;
  42   1         delay(800);
  43   1      }
  44          
  45          void  right_run(void){
  46   1         Left_moto_go;
  47   1         Right_moto_back;
  48   1         delay(800);
  49   1         Left_moto_Stop;
  50   1         Right_moto_Stop;
  51   1         delay(800);
  52   1      }
  53          
  54          void  stop(void){
C51 COMPILER V9.54   MAIN                                                                  07/26/2020 17:37:09 PAGE 2   

  55   1         Left_moto_Stop;
  56   1         Right_moto_Stop;
  57   1      }
  58          
  59          //   主函数
  60          
  61          void main(void){
  62   1        //unsigned char i;
  63   1        stop();
  64   1        while(1){
  65   2          if(Left_1_led==0&&Right_1_led==0){
  66   3                front_run();
  67   3          }
  68   2          else{
  69   3            if(Left_1_led==1&&Right_1_led==0){
  70   4                right_run();
  71   4                delay(1000);                
  72   4            }
  73   3            if(Right_1_led==1&&Left_1_led==0){  
  74   4                left_run();
  75   4                delay(1000);
  76   4            }
  77   3            if(Right_1_led==1&&Left_1_led==1){
  78   4                stop();
  79   4                delay(2000);
  80   4            }
  81   3          }
  82   2        }
  83   1      }


MODULE INFORMATION:   STATIC OVERLAYABLE
   CODE SIZE        =    175    ----
   CONSTANT SIZE    =   ----    ----
   XDATA SIZE       =   ----    ----
   PDATA SIZE       =   ----    ----
   DATA SIZE        =   ----    ----
   IDATA SIZE       =   ----    ----
   BIT SIZE         =   ----    ----
END OF MODULE INFORMATION.


C51 COMPILATION COMPLETE.  0 WARNING(S),  0 ERROR(S)
